C:\Users\Кот\Desktop\Laba\Laba\Debug\cl.command.1.tlog
C:\Users\Кот\Desktop\Laba\Laba\Debug\CL.read.1.tlog
C:\Users\Кот\Desktop\Laba\Laba\Debug\CL.write.1.tlog
C:\USERS\Кот\DESKTOP\LABA\LABA\DEBUG\DISPLAY.OBJ
C:\Users\Кот\Desktop\Laba\Laba\Debug\Laba.exe.embed.manifest
C:\USERS\Кот\DESKTOP\LABA\LABA\DEBUG\LABA.EXE.EMBED.MANIFEST.RES
C:\Users\Кот\Desktop\Laba\Laba\Debug\Laba.write.1.tlog
C:\Users\Кот\Desktop\Laba\Laba\Debug\Laba_manifest.rc
C:\Users\Кот\Desktop\Laba\Laba\Debug\link.command.1.tlog
C:\Users\Кот\Desktop\Laba\Laba\Debug\link.read.1.tlog
C:\Users\Кот\Desktop\Laba\Laba\Debug\link.write.1.tlog
C:\USERS\Кот\DESKTOP\LABA\LABA\DEBUG\MAIN.OBJ
C:\USERS\Кот\DESKTOP\LABA\LABA\DEBUG\NUMGEN.OBJ
C:\Users\Кот\Desktop\Laba\Laba\Debug\rc.command.1.tlog
C:\Users\Кот\Desktop\Laba\Laba\Debug\rc.read.1.tlog
C:\Users\Кот\Desktop\Laba\Laba\Debug\rc.write.1.tlog
C:\USERS\Кот\DESKTOP\LABA\LABA\DEBUG\SC_APROC.OBJ
C:\USERS\Кот\DESKTOP\LABA\LABA\DEBUG\SC_APROC_PROCESS.OBJ
C:\USERS\Кот\DESKTOP\LABA\LABA\DEBUG\SC_ARRAY.OBJ
C:\USERS\Кот\DESKTOP\LABA\LABA\DEBUG\SC_ARRAY_CONCAT.OBJ
C:\USERS\Кот\DESKTOP\LABA\LABA\DEBUG\SC_ASYNC.OBJ
C:\USERS\Кот\DESKTOP\LABA\LABA\DEBUG\SC_ASYNC_PROCESS.OBJ
C:\USERS\Кот\DESKTOP\LABA\LABA\DEBUG\SC_BIT.OBJ
C:\USERS\Кот\DESKTOP\LABA\LABA\DEBUG\SC_BOOL_VECTOR.OBJ
C:\USERS\Кот\DESKTOP\LABA\LABA\DEBUG\SC_BV.OBJ
C:\USERS\Кот\DESKTOP\LABA\LABA\DEBUG\SC_CHANNEL_ARRAY.OBJ
C:\USERS\Кот\DESKTOP\LABA\LABA\DEBUG\SC_CLOCK.OBJ
C:\USERS\Кот\DESKTOP\LABA\LABA\DEBUG\SC_CONTEXT_SWITCH.OBJ
C:\USERS\Кот\DESKTOP\LABA\LABA\DEBUG\SC_DUMP.OBJ
C:\USERS\Кот\DESKTOP\LABA\LABA\DEBUG\SC_ERR_HANDLER.OBJ
C:\USERS\Кот\DESKTOP\LABA\LABA\DEBUG\SC_EXCEPTION.OBJ
C:\USERS\Кот\DESKTOP\LABA\LABA\DEBUG\SC_FIX.OBJ
C:\USERS\Кот\DESKTOP\LABA\LABA\DEBUG\SC_FXCAST_SWITCH.OBJ
C:\USERS\Кот\DESKTOP\LABA\LABA\DEBUG\SC_FXDEFS.OBJ
C:\USERS\Кот\DESKTOP\LABA\LABA\DEBUG\SC_FXNUM.OBJ
C:\USERS\Кот\DESKTOP\LABA\LABA\DEBUG\SC_FXNUM_BITREF.OBJ
C:\USERS\Кот\DESKTOP\LABA\LABA\DEBUG\SC_FXNUM_SUBREF.OBJ
C:\USERS\Кот\DESKTOP\LABA\LABA\DEBUG\SC_FXTYPE_PARAMS.OBJ
C:\USERS\Кот\DESKTOP\LABA\LABA\DEBUG\SC_FXVAL.OBJ
C:\USERS\Кот\DESKTOP\LABA\LABA\DEBUG\SC_HASH.OBJ
C:\USERS\Кот\DESKTOP\LABA\LABA\DEBUG\SC_INT32_MASK.OBJ
C:\USERS\Кот\DESKTOP\LABA\LABA\DEBUG\SC_INT64_IO.OBJ
C:\USERS\Кот\DESKTOP\LABA\LABA\DEBUG\SC_INT64_MASK.OBJ
C:\USERS\Кот\DESKTOP\LABA\LABA\DEBUG\SC_LAMBDA.OBJ
C:\USERS\Кот\DESKTOP\LABA\LABA\DEBUG\SC_LIST.OBJ
C:\USERS\Кот\DESKTOP\LABA\LABA\DEBUG\SC_LOGIC.OBJ
C:\USERS\Кот\DESKTOP\LABA\LABA\DEBUG\SC_LOGIC_VECTOR.OBJ
C:\USERS\Кот\DESKTOP\LABA\LABA\DEBUG\SC_LV.OBJ
C:\USERS\Кот\DESKTOP\LABA\LABA\DEBUG\SC_MAIN.OBJ
C:\USERS\Кот\DESKTOP\LABA\LABA\DEBUG\SC_MEASURE.OBJ
C:\USERS\Кот\DESKTOP\LABA\LABA\DEBUG\SC_MEMPOOL.OBJ
C:\USERS\Кот\DESKTOP\LABA\LABA\DEBUG\SC_MODULE.OBJ
C:\USERS\Кот\DESKTOP\LABA\LABA\DEBUG\SC_MODULE_NAME.OBJ
C:\USERS\Кот\DESKTOP\LABA\LABA\DEBUG\SC_MODULE_PRM.OBJ
C:\USERS\Кот\DESKTOP\LABA\LABA\DEBUG\SC_NBASSIGN.OBJ
C:\USERS\Кот\DESKTOP\LABA\LABA\DEBUG\SC_NBEXTERNS.OBJ
C:\USERS\Кот\DESKTOP\LABA\LABA\DEBUG\SC_NBUTILS.OBJ
C:\USERS\Кот\DESKTOP\LABA\LABA\DEBUG\SC_NBWRITE.OBJ
C:\USERS\Кот\DESKTOP\LABA\LABA\DEBUG\SC_OBJECT.OBJ
C:\USERS\Кот\DESKTOP\LABA\LABA\DEBUG\SC_OBJECT_MANAGER.OBJ
C:\USERS\Кот\DESKTOP\LABA\LABA\DEBUG\SC_PORT.OBJ
C:\USERS\Кот\DESKTOP\LABA\LABA\DEBUG\SC_PORT_MANAGER.OBJ
C:\USERS\Кот\DESKTOP\LABA\LABA\DEBUG\SC_PQ.OBJ
C:\USERS\Кот\DESKTOP\LABA\LABA\DEBUG\SC_REPORT.OBJ
C:\USERS\Кот\DESKTOP\LABA\LABA\DEBUG\SC_REPORT_HANDLER.OBJ
C:\USERS\Кот\DESKTOP\LABA\LABA\DEBUG\SC_RESLV.OBJ
C:\USERS\Кот\DESKTOP\LABA\LABA\DEBUG\SC_RESLV_VECTOR.OBJ
C:\USERS\Кот\DESKTOP\LABA\LABA\DEBUG\SC_SENSITIVE.OBJ
C:\USERS\Кот\DESKTOP\LABA\LABA\DEBUG\SC_SIGNAL.OBJ
C:\USERS\Кот\DESKTOP\LABA\LABA\DEBUG\SC_SIGNAL_ARRAY.OBJ
C:\USERS\Кот\DESKTOP\LABA\LABA\DEBUG\SC_SIGNAL_EDGY.OBJ
C:\USERS\Кот\DESKTOP\LABA\LABA\DEBUG\SC_SIGNAL_OPTIMIZE.OBJ
C:\USERS\Кот\DESKTOP\LABA\LABA\DEBUG\SC_SIGNAL_RV.OBJ
C:\USERS\Кот\DESKTOP\LABA\LABA\DEBUG\SC_SIGNED.OBJ
C:\USERS\Кот\DESKTOP\LABA\LABA\DEBUG\SC_SIMCONTEXT.OBJ
C:\USERS\Кот\DESKTOP\LABA\LABA\DEBUG\SC_STRING.OBJ
C:\USERS\Кот\DESKTOP\LABA\LABA\DEBUG\SC_SYNC_NOOPT.OBJ
C:\USERS\Кот\DESKTOP\LABA\LABA\DEBUG\SC_SYNC_OPT.OBJ
C:\USERS\Кот\DESKTOP\LABA\LABA\DEBUG\SC_SYNC_PROCESS.OBJ
C:\USERS\Кот\DESKTOP\LABA\LABA\DEBUG\SC_TRACE.OBJ
C:\USERS\Кот\DESKTOP\LABA\LABA\DEBUG\SC_UFIX.OBJ
C:\USERS\Кот\DESKTOP\LABA\LABA\DEBUG\SC_UNSIGNED.OBJ
C:\USERS\Кот\DESKTOP\LABA\LABA\DEBUG\SC_VCD_TRACE.OBJ
C:\USERS\Кот\DESKTOP\LABA\LABA\DEBUG\SC_VECTOR.OBJ
C:\USERS\Кот\DESKTOP\LABA\LABA\DEBUG\SC_VER.OBJ
C:\USERS\Кот\DESKTOP\LABA\LABA\DEBUG\SC_WAIT.OBJ
C:\USERS\Кот\DESKTOP\LABA\LABA\DEBUG\SC_WIF_TRACE.OBJ
C:\USERS\Кот\DESKTOP\LABA\LABA\DEBUG\SCFX_MANT.OBJ
C:\USERS\Кот\DESKTOP\LABA\LABA\DEBUG\SCFX_POW10.OBJ
C:\USERS\Кот\DESKTOP\LABA\LABA\DEBUG\SCFX_REP.OBJ
C:\USERS\Кот\DESKTOP\LABA\LABA\DEBUG\SCFX_UTILS.OBJ
C:\USERS\Кот\DESKTOP\LABA\LABA\DEBUG\STAGE1.OBJ
C:\USERS\Кот\DESKTOP\LABA\LABA\DEBUG\STAGE2.OBJ
C:\USERS\Кот\DESKTOP\LABA\LABA\DEBUG\STAGE3.OBJ
C:\Users\Кот\Desktop\Laba\Laba\Debug\vc100.idb
C:\USERS\КОТ\DESKTOP\LABA\LABA\DEBUG\VC100.PDB
